<?xml version="1.0" encoding="UTF-8"?>
<testsuite name="InvoiceServiceTest" tests="1" skipped="0" failures="0" errors="0" timestamp="2021-03-12T18:24:28" hostname="PARAG" time="0.004">
  <properties/>
  <testcase name="givenUserId_shouldReturnInvoiceSummary" classname="InvoiceServiceTest" time="0.004"/>
  <system-out><![CDATA[]]></system-out>
  <system-err><![CDATA[]]></system-err>
</testsuite>
