<?xml version="1.0" encoding="UTF-8"?>
<testsuite name="InvoiceServiceTest" tests="1" skipped="0" failures="0" errors="0" timestamp="2021-03-12T17:53:13" hostname="PARAG" time="0.002">
  <properties/>
  <testcase name="givenMultipleRides_shouldReturnInvoiceSummary" classname="InvoiceServiceTest" time="0.002"/>
  <system-out><![CDATA[]]></system-out>
  <system-err><![CDATA[]]></system-err>
</testsuite>
