<?xml version="1.0" encoding="UTF-8"?>
<testsuite name="InvoiceServiceTest" tests="1" skipped="0" failures="0" errors="0" timestamp="2021-03-12T17:30:26" hostname="PARAG" time="0.003">
  <properties/>
  <testcase name="givenMultipleRides_shouldReturnTotalFare" classname="InvoiceServiceTest" time="0.003"/>
  <system-out><![CDATA[]]></system-out>
  <system-err><![CDATA[]]></system-err>
</testsuite>
